CRITICAL - 2025-06-02 21:32:42 --> Undefined index: id_Barang
#0 D:\xampp\htdocs\CI\www\app\Views\admin\beranda.php(30): CodeIgniter\Debug\Exceptions->errorHandler(8, 'Undefined index...', 'D:\\xampp\\htdocs...', 30, Array)
#1 D:\xampp\htdocs\CI\www\system\View\View.php(246): include('D:\\xampp\\htdocs...')
#2 D:\xampp\htdocs\CI\www\system\Common.php(1119): CodeIgniter\View\View->render('admin/beranda', Array, true)
#3 D:\xampp\htdocs\CI\www\app\Controllers\admin.php(33): view('admin/beranda', Array)
#4 D:\xampp\htdocs\CI\www\system\CodeIgniter.php(918): App\Controllers\admin->index()
#5 D:\xampp\htdocs\CI\www\system\CodeIgniter.php(404): CodeIgniter\CodeIgniter->runController(Object(App\Controllers\admin))
#6 D:\xampp\htdocs\CI\www\system\CodeIgniter.php(312): CodeIgniter\CodeIgniter->handleRequest(NULL, Object(Config\Cache), false)
#7 D:\xampp\htdocs\CI\index.php(47): CodeIgniter\CodeIgniter->run()
#8 {main}
CRITICAL - 2025-06-02 21:34:06 --> Undefined index: id_Barang
#0 D:\xampp\htdocs\CI\www\app\Views\admin\beranda.php(30): CodeIgniter\Debug\Exceptions->errorHandler(8, 'Undefined index...', 'D:\\xampp\\htdocs...', 30, Array)
#1 D:\xampp\htdocs\CI\www\system\View\View.php(246): include('D:\\xampp\\htdocs...')
#2 D:\xampp\htdocs\CI\www\system\Common.php(1119): CodeIgniter\View\View->render('admin/beranda', Array, true)
#3 D:\xampp\htdocs\CI\www\app\Controllers\admin.php(33): view('admin/beranda', Array)
#4 D:\xampp\htdocs\CI\www\system\CodeIgniter.php(918): App\Controllers\admin->index()
#5 D:\xampp\htdocs\CI\www\system\CodeIgniter.php(404): CodeIgniter\CodeIgniter->runController(Object(App\Controllers\admin))
#6 D:\xampp\htdocs\CI\www\system\CodeIgniter.php(312): CodeIgniter\CodeIgniter->handleRequest(NULL, Object(Config\Cache), false)
#7 D:\xampp\htdocs\CI\index.php(47): CodeIgniter\CodeIgniter->run()
#8 {main}
CRITICAL - 2025-06-02 21:34:07 --> Undefined index: id_Barang
#0 D:\xampp\htdocs\CI\www\app\Views\admin\beranda.php(30): CodeIgniter\Debug\Exceptions->errorHandler(8, 'Undefined index...', 'D:\\xampp\\htdocs...', 30, Array)
#1 D:\xampp\htdocs\CI\www\system\View\View.php(246): include('D:\\xampp\\htdocs...')
#2 D:\xampp\htdocs\CI\www\system\Common.php(1119): CodeIgniter\View\View->render('admin/beranda', Array, true)
#3 D:\xampp\htdocs\CI\www\app\Controllers\admin.php(33): view('admin/beranda', Array)
#4 D:\xampp\htdocs\CI\www\system\CodeIgniter.php(918): App\Controllers\admin->index()
#5 D:\xampp\htdocs\CI\www\system\CodeIgniter.php(404): CodeIgniter\CodeIgniter->runController(Object(App\Controllers\admin))
#6 D:\xampp\htdocs\CI\www\system\CodeIgniter.php(312): CodeIgniter\CodeIgniter->handleRequest(NULL, Object(Config\Cache), false)
#7 D:\xampp\htdocs\CI\index.php(47): CodeIgniter\CodeIgniter->run()
#8 {main}
CRITICAL - 2025-06-02 21:34:07 --> Undefined index: id_Barang
#0 D:\xampp\htdocs\CI\www\app\Views\admin\beranda.php(30): CodeIgniter\Debug\Exceptions->errorHandler(8, 'Undefined index...', 'D:\\xampp\\htdocs...', 30, Array)
#1 D:\xampp\htdocs\CI\www\system\View\View.php(246): include('D:\\xampp\\htdocs...')
#2 D:\xampp\htdocs\CI\www\system\Common.php(1119): CodeIgniter\View\View->render('admin/beranda', Array, true)
#3 D:\xampp\htdocs\CI\www\app\Controllers\admin.php(33): view('admin/beranda', Array)
#4 D:\xampp\htdocs\CI\www\system\CodeIgniter.php(918): App\Controllers\admin->index()
#5 D:\xampp\htdocs\CI\www\system\CodeIgniter.php(404): CodeIgniter\CodeIgniter->runController(Object(App\Controllers\admin))
#6 D:\xampp\htdocs\CI\www\system\CodeIgniter.php(312): CodeIgniter\CodeIgniter->handleRequest(NULL, Object(Config\Cache), false)
#7 D:\xampp\htdocs\CI\index.php(47): CodeIgniter\CodeIgniter->run()
#8 {main}
CRITICAL - 2025-06-02 21:34:08 --> Undefined index: id_Barang
#0 D:\xampp\htdocs\CI\www\app\Views\admin\beranda.php(30): CodeIgniter\Debug\Exceptions->errorHandler(8, 'Undefined index...', 'D:\\xampp\\htdocs...', 30, Array)
#1 D:\xampp\htdocs\CI\www\system\View\View.php(246): include('D:\\xampp\\htdocs...')
#2 D:\xampp\htdocs\CI\www\system\Common.php(1119): CodeIgniter\View\View->render('admin/beranda', Array, true)
#3 D:\xampp\htdocs\CI\www\app\Controllers\admin.php(33): view('admin/beranda', Array)
#4 D:\xampp\htdocs\CI\www\system\CodeIgniter.php(918): App\Controllers\admin->index()
#5 D:\xampp\htdocs\CI\www\system\CodeIgniter.php(404): CodeIgniter\CodeIgniter->runController(Object(App\Controllers\admin))
#6 D:\xampp\htdocs\CI\www\system\CodeIgniter.php(312): CodeIgniter\CodeIgniter->handleRequest(NULL, Object(Config\Cache), false)
#7 D:\xampp\htdocs\CI\index.php(47): CodeIgniter\CodeIgniter->run()
#8 {main}
CRITICAL - 2025-06-02 21:37:19 --> Undefined index: id_Barang
#0 D:\xampp\htdocs\CI\www\app\Views\admin\beranda.php(30): CodeIgniter\Debug\Exceptions->errorHandler(8, 'Undefined index...', 'D:\\xampp\\htdocs...', 30, Array)
#1 D:\xampp\htdocs\CI\www\system\View\View.php(246): include('D:\\xampp\\htdocs...')
#2 D:\xampp\htdocs\CI\www\system\Common.php(1119): CodeIgniter\View\View->render('admin/beranda', Array, true)
#3 D:\xampp\htdocs\CI\www\app\Controllers\admin.php(33): view('admin/beranda', Array)
#4 D:\xampp\htdocs\CI\www\system\CodeIgniter.php(918): App\Controllers\admin->index()
#5 D:\xampp\htdocs\CI\www\system\CodeIgniter.php(404): CodeIgniter\CodeIgniter->runController(Object(App\Controllers\admin))
#6 D:\xampp\htdocs\CI\www\system\CodeIgniter.php(312): CodeIgniter\CodeIgniter->handleRequest(NULL, Object(Config\Cache), false)
#7 D:\xampp\htdocs\CI\index.php(47): CodeIgniter\CodeIgniter->run()
#8 {main}
CRITICAL - 2025-06-02 21:37:22 --> Undefined index: id_Barang
#0 D:\xampp\htdocs\CI\www\app\Views\admin\beranda.php(30): CodeIgniter\Debug\Exceptions->errorHandler(8, 'Undefined index...', 'D:\\xampp\\htdocs...', 30, Array)
#1 D:\xampp\htdocs\CI\www\system\View\View.php(246): include('D:\\xampp\\htdocs...')
#2 D:\xampp\htdocs\CI\www\system\Common.php(1119): CodeIgniter\View\View->render('admin/beranda', Array, true)
#3 D:\xampp\htdocs\CI\www\app\Controllers\admin.php(33): view('admin/beranda', Array)
#4 D:\xampp\htdocs\CI\www\system\CodeIgniter.php(918): App\Controllers\admin->index()
#5 D:\xampp\htdocs\CI\www\system\CodeIgniter.php(404): CodeIgniter\CodeIgniter->runController(Object(App\Controllers\admin))
#6 D:\xampp\htdocs\CI\www\system\CodeIgniter.php(312): CodeIgniter\CodeIgniter->handleRequest(NULL, Object(Config\Cache), false)
#7 D:\xampp\htdocs\CI\index.php(47): CodeIgniter\CodeIgniter->run()
#8 {main}
CRITICAL - 2025-06-02 21:37:22 --> Undefined index: id_Barang
#0 D:\xampp\htdocs\CI\www\app\Views\admin\beranda.php(30): CodeIgniter\Debug\Exceptions->errorHandler(8, 'Undefined index...', 'D:\\xampp\\htdocs...', 30, Array)
#1 D:\xampp\htdocs\CI\www\system\View\View.php(246): include('D:\\xampp\\htdocs...')
#2 D:\xampp\htdocs\CI\www\system\Common.php(1119): CodeIgniter\View\View->render('admin/beranda', Array, true)
#3 D:\xampp\htdocs\CI\www\app\Controllers\admin.php(33): view('admin/beranda', Array)
#4 D:\xampp\htdocs\CI\www\system\CodeIgniter.php(918): App\Controllers\admin->index()
#5 D:\xampp\htdocs\CI\www\system\CodeIgniter.php(404): CodeIgniter\CodeIgniter->runController(Object(App\Controllers\admin))
#6 D:\xampp\htdocs\CI\www\system\CodeIgniter.php(312): CodeIgniter\CodeIgniter->handleRequest(NULL, Object(Config\Cache), false)
#7 D:\xampp\htdocs\CI\index.php(47): CodeIgniter\CodeIgniter->run()
#8 {main}
CRITICAL - 2025-06-02 21:37:28 --> Undefined index: id_Barang
#0 D:\xampp\htdocs\CI\www\app\Views\admin\beranda.php(30): CodeIgniter\Debug\Exceptions->errorHandler(8, 'Undefined index...', 'D:\\xampp\\htdocs...', 30, Array)
#1 D:\xampp\htdocs\CI\www\system\View\View.php(246): include('D:\\xampp\\htdocs...')
#2 D:\xampp\htdocs\CI\www\system\Common.php(1119): CodeIgniter\View\View->render('admin/beranda', Array, true)
#3 D:\xampp\htdocs\CI\www\app\Controllers\admin.php(33): view('admin/beranda', Array)
#4 D:\xampp\htdocs\CI\www\system\CodeIgniter.php(918): App\Controllers\admin->index()
#5 D:\xampp\htdocs\CI\www\system\CodeIgniter.php(404): CodeIgniter\CodeIgniter->runController(Object(App\Controllers\admin))
#6 D:\xampp\htdocs\CI\www\system\CodeIgniter.php(312): CodeIgniter\CodeIgniter->handleRequest(NULL, Object(Config\Cache), false)
#7 D:\xampp\htdocs\CI\index.php(47): CodeIgniter\CodeIgniter->run()
#8 {main}
CRITICAL - 2025-06-02 21:40:01 --> Undefined index: id_Barang
#0 D:\xampp\htdocs\CI\www\app\Views\admin\edit_barang.php(4): CodeIgniter\Debug\Exceptions->errorHandler(8, 'Undefined index...', 'D:\\xampp\\htdocs...', 4, Array)
#1 D:\xampp\htdocs\CI\www\system\View\View.php(246): include('D:\\xampp\\htdocs...')
#2 D:\xampp\htdocs\CI\www\system\Common.php(1119): CodeIgniter\View\View->render('admin/edit_bara...', Array, true)
#3 D:\xampp\htdocs\CI\www\app\Controllers\admin.php(102): view('admin/edit_bara...', Array)
#4 D:\xampp\htdocs\CI\www\system\CodeIgniter.php(918): App\Controllers\admin->edit('3')
#5 D:\xampp\htdocs\CI\www\system\CodeIgniter.php(404): CodeIgniter\CodeIgniter->runController(Object(App\Controllers\admin))
#6 D:\xampp\htdocs\CI\www\system\CodeIgniter.php(312): CodeIgniter\CodeIgniter->handleRequest(NULL, Object(Config\Cache), false)
#7 D:\xampp\htdocs\CI\index.php(47): CodeIgniter\CodeIgniter->run()
#8 {main}
CRITICAL - 2025-06-02 21:46:30 --> Undefined index: id_Barang
#0 D:\xampp\htdocs\CI\www\app\Views\admin\beranda.php(31): CodeIgniter\Debug\Exceptions->errorHandler(8, 'Undefined index...', 'D:\\xampp\\htdocs...', 31, Array)
#1 D:\xampp\htdocs\CI\www\system\View\View.php(246): include('D:\\xampp\\htdocs...')
#2 D:\xampp\htdocs\CI\www\system\Common.php(1119): CodeIgniter\View\View->render('admin/beranda', Array, true)
#3 D:\xampp\htdocs\CI\www\app\Controllers\admin.php(33): view('admin/beranda', Array)
#4 D:\xampp\htdocs\CI\www\system\CodeIgniter.php(918): App\Controllers\admin->index()
#5 D:\xampp\htdocs\CI\www\system\CodeIgniter.php(404): CodeIgniter\CodeIgniter->runController(Object(App\Controllers\admin))
#6 D:\xampp\htdocs\CI\www\system\CodeIgniter.php(312): CodeIgniter\CodeIgniter->handleRequest(NULL, Object(Config\Cache), false)
#7 D:\xampp\htdocs\CI\index.php(47): CodeIgniter\CodeIgniter->run()
#8 {main}
CRITICAL - 2025-06-02 21:46:31 --> Undefined index: id_Barang
#0 D:\xampp\htdocs\CI\www\app\Views\admin\beranda.php(31): CodeIgniter\Debug\Exceptions->errorHandler(8, 'Undefined index...', 'D:\\xampp\\htdocs...', 31, Array)
#1 D:\xampp\htdocs\CI\www\system\View\View.php(246): include('D:\\xampp\\htdocs...')
#2 D:\xampp\htdocs\CI\www\system\Common.php(1119): CodeIgniter\View\View->render('admin/beranda', Array, true)
#3 D:\xampp\htdocs\CI\www\app\Controllers\admin.php(33): view('admin/beranda', Array)
#4 D:\xampp\htdocs\CI\www\system\CodeIgniter.php(918): App\Controllers\admin->index()
#5 D:\xampp\htdocs\CI\www\system\CodeIgniter.php(404): CodeIgniter\CodeIgniter->runController(Object(App\Controllers\admin))
#6 D:\xampp\htdocs\CI\www\system\CodeIgniter.php(312): CodeIgniter\CodeIgniter->handleRequest(NULL, Object(Config\Cache), false)
#7 D:\xampp\htdocs\CI\index.php(47): CodeIgniter\CodeIgniter->run()
#8 {main}
CRITICAL - 2025-06-02 21:48:40 --> Undefined index: id_Barang
#0 D:\xampp\htdocs\CI\www\app\Views\admin\beranda.php(31): CodeIgniter\Debug\Exceptions->errorHandler(8, 'Undefined index...', 'D:\\xampp\\htdocs...', 31, Array)
#1 D:\xampp\htdocs\CI\www\system\View\View.php(246): include('D:\\xampp\\htdocs...')
#2 D:\xampp\htdocs\CI\www\system\Common.php(1119): CodeIgniter\View\View->render('admin/beranda', Array, true)
#3 D:\xampp\htdocs\CI\www\app\Controllers\admin.php(33): view('admin/beranda', Array)
#4 D:\xampp\htdocs\CI\www\system\CodeIgniter.php(918): App\Controllers\admin->index()
#5 D:\xampp\htdocs\CI\www\system\CodeIgniter.php(404): CodeIgniter\CodeIgniter->runController(Object(App\Controllers\admin))
#6 D:\xampp\htdocs\CI\www\system\CodeIgniter.php(312): CodeIgniter\CodeIgniter->handleRequest(NULL, Object(Config\Cache), false)
#7 D:\xampp\htdocs\CI\index.php(47): CodeIgniter\CodeIgniter->run()
#8 {main}
CRITICAL - 2025-06-02 23:31:04 --> syntax error, unexpected '->' (T_OBJECT_OPERATOR), expecting identifier (T_STRING) or variable (T_VARIABLE) or '{' or '$'
#0 D:\xampp\htdocs\CI\www\system\Autoloader\Autoloader.php(296): CodeIgniter\Autoloader\Autoloader->requireFile('D:\\xampp\\htdocs...')
#1 D:\xampp\htdocs\CI\www\system\Autoloader\Autoloader.php(258): CodeIgniter\Autoloader\Autoloader->loadInNamespace('App\\Controllers...')
#2 [internal function]: CodeIgniter\Autoloader\Autoloader->loadClass('App\\Controllers...')
#3 [internal function]: spl_autoload_call('App\\Controllers...')
#4 D:\xampp\htdocs\CI\www\system\CodeIgniter.php(869): class_exists('\\App\\Controller...', true)
#5 D:\xampp\htdocs\CI\www\system\CodeIgniter.php(394): CodeIgniter\CodeIgniter->startController()
#6 D:\xampp\htdocs\CI\www\system\CodeIgniter.php(312): CodeIgniter\CodeIgniter->handleRequest(NULL, Object(Config\Cache), false)
#7 D:\xampp\htdocs\CI\index.php(47): CodeIgniter\CodeIgniter->run()
#8 {main}
