CRITICAL - 2022-06-22 10:57:00 --> Cannot use object of type stdClass as array
#0 D:\htdocs\saham\www\system\CodeIgniter.php(918): App\Controllers\Masuk->index()
#1 D:\htdocs\saham\www\system\CodeIgniter.php(404): CodeIgniter\CodeIgniter->runController(Object(App\Controllers\Masuk))
#2 D:\htdocs\saham\www\system\CodeIgniter.php(312): CodeIgniter\CodeIgniter->handleRequest(NULL, Object(Config\Cache), false)
#3 D:\htdocs\saham\index.php(47): CodeIgniter\CodeIgniter->run()
#4 {main}
CRITICAL - 2022-06-22 10:58:46 --> file_get_contents(https://idx.co.id/umbraco/Surface/ListedCompany/GetCompanyProfilesDetail?emitenType=&amp;kodeEmiten=AALI): failed to open stream: HTTP request failed! HTTP/1.1 403 Forbidden

#0 [internal function]: CodeIgniter\Debug\Exceptions->errorHandler(2, 'file_get_conten...', 'D:\\htdocs\\saham...', 22, Array)
#1 D:\htdocs\saham\www\app\Controllers\Masuk.php(22): file_get_contents('https://idx.co....')
#2 D:\htdocs\saham\www\system\CodeIgniter.php(918): App\Controllers\Masuk->index()
#3 D:\htdocs\saham\www\system\CodeIgniter.php(404): CodeIgniter\CodeIgniter->runController(Object(App\Controllers\Masuk))
#4 D:\htdocs\saham\www\system\CodeIgniter.php(312): CodeIgniter\CodeIgniter->handleRequest(NULL, Object(Config\Cache), false)
#5 D:\htdocs\saham\index.php(47): CodeIgniter\CodeIgniter->run()
#6 {main}
CRITICAL - 2022-06-22 10:58:58 --> file_get_contents(https://idx.co.id/umbraco/Surface/ListedCompany/GetCompanyProfilesDetail?emitenType=&amp;kodeEmiten=AALI): failed to open stream: HTTP request failed! HTTP/1.1 403 Forbidden

#0 [internal function]: CodeIgniter\Debug\Exceptions->errorHandler(2, 'file_get_conten...', 'D:\\htdocs\\saham...', 22, Array)
#1 D:\htdocs\saham\www\app\Controllers\Masuk.php(22): file_get_contents('https://idx.co....')
#2 D:\htdocs\saham\www\system\CodeIgniter.php(918): App\Controllers\Masuk->index()
#3 D:\htdocs\saham\www\system\CodeIgniter.php(404): CodeIgniter\CodeIgniter->runController(Object(App\Controllers\Masuk))
#4 D:\htdocs\saham\www\system\CodeIgniter.php(312): CodeIgniter\CodeIgniter->handleRequest(NULL, Object(Config\Cache), false)
#5 D:\htdocs\saham\index.php(47): CodeIgniter\CodeIgniter->run()
#6 {main}
CRITICAL - 2022-06-22 10:59:11 --> file_get_contents(https://idx.co.id/umbraco/Surface/ListedCompany/GetCompanyProfilesDetail?emitenType=&amp;kodeEmiten=AALI): failed to open stream: HTTP request failed! HTTP/1.1 403 Forbidden

#0 [internal function]: CodeIgniter\Debug\Exceptions->errorHandler(2, 'file_get_conten...', 'D:\\htdocs\\saham...', 22, Array)
#1 D:\htdocs\saham\www\app\Controllers\Masuk.php(22): file_get_contents('https://idx.co....')
#2 D:\htdocs\saham\www\system\CodeIgniter.php(918): App\Controllers\Masuk->index()
#3 D:\htdocs\saham\www\system\CodeIgniter.php(404): CodeIgniter\CodeIgniter->runController(Object(App\Controllers\Masuk))
#4 D:\htdocs\saham\www\system\CodeIgniter.php(312): CodeIgniter\CodeIgniter->handleRequest(NULL, Object(Config\Cache), false)
#5 D:\htdocs\saham\index.php(47): CodeIgniter\CodeIgniter->run()
#6 {main}
CRITICAL - 2022-06-22 10:59:26 --> file_get_contents(https://idx.co.id/umbraco/Surface/ListedCompany/GetCompanyProfilesDetail?emitenType=&amp;kodeEmiten=AALI): failed to open stream: HTTP request failed! HTTP/1.1 403 Forbidden

#0 [internal function]: CodeIgniter\Debug\Exceptions->errorHandler(2, 'file_get_conten...', 'D:\\htdocs\\saham...', 23, Array)
#1 D:\htdocs\saham\www\app\Controllers\Masuk.php(23): file_get_contents('https://idx.co....')
#2 D:\htdocs\saham\www\system\CodeIgniter.php(918): App\Controllers\Masuk->index()
#3 D:\htdocs\saham\www\system\CodeIgniter.php(404): CodeIgniter\CodeIgniter->runController(Object(App\Controllers\Masuk))
#4 D:\htdocs\saham\www\system\CodeIgniter.php(312): CodeIgniter\CodeIgniter->handleRequest(NULL, Object(Config\Cache), false)
#5 D:\htdocs\saham\index.php(47): CodeIgniter\CodeIgniter->run()
#6 {main}
CRITICAL - 2022-06-22 10:59:30 --> file_get_contents(https://idx.co.id/umbraco/Surface/ListedCompany/GetCompanyProfilesDetail?emitenType=&amp;kodeEmiten=AALI): failed to open stream: HTTP request failed! HTTP/1.1 403 Forbidden

#0 [internal function]: CodeIgniter\Debug\Exceptions->errorHandler(2, 'file_get_conten...', 'D:\\htdocs\\saham...', 23, Array)
#1 D:\htdocs\saham\www\app\Controllers\Masuk.php(23): file_get_contents('https://idx.co....')
#2 D:\htdocs\saham\www\system\CodeIgniter.php(918): App\Controllers\Masuk->index()
#3 D:\htdocs\saham\www\system\CodeIgniter.php(404): CodeIgniter\CodeIgniter->runController(Object(App\Controllers\Masuk))
#4 D:\htdocs\saham\www\system\CodeIgniter.php(312): CodeIgniter\CodeIgniter->handleRequest(NULL, Object(Config\Cache), false)
#5 D:\htdocs\saham\index.php(47): CodeIgniter\CodeIgniter->run()
#6 {main}
CRITICAL - 2022-06-22 11:00:40 --> file_get_contents(https://idx.co.id/umbraco/Surface/ListedCompany/GetCompanyProfilesDetail?emitenType=&amp;kodeEmiten=AALI): failed to open stream: HTTP request failed! HTTP/1.1 403 Forbidden

#0 [internal function]: CodeIgniter\Debug\Exceptions->errorHandler(2, 'file_get_conten...', 'D:\\htdocs\\saham...', 23, Array)
#1 D:\htdocs\saham\www\app\Controllers\Masuk.php(23): file_get_contents('https://idx.co....')
#2 D:\htdocs\saham\www\system\CodeIgniter.php(918): App\Controllers\Masuk->index()
#3 D:\htdocs\saham\www\system\CodeIgniter.php(404): CodeIgniter\CodeIgniter->runController(Object(App\Controllers\Masuk))
#4 D:\htdocs\saham\www\system\CodeIgniter.php(312): CodeIgniter\CodeIgniter->handleRequest(NULL, Object(Config\Cache), false)
#5 D:\htdocs\saham\index.php(47): CodeIgniter\CodeIgniter->run()
#6 {main}
CRITICAL - 2022-06-22 11:02:25 --> file_get_contents(https://idx.co.id/umbraco/Surface/ListedCompany/GetCompanyProfilesDetail?emitenType=&amp;kodeEmiten=AALI): failed to open stream: HTTP request failed! HTTP/1.1 403 Forbidden

#0 [internal function]: CodeIgniter\Debug\Exceptions->errorHandler(2, 'file_get_conten...', 'D:\\htdocs\\saham...', 30, Array)
#1 D:\htdocs\saham\www\app\Controllers\Masuk.php(30): file_get_contents('https://idx.co....', false, Resource id #168)
#2 D:\htdocs\saham\www\system\CodeIgniter.php(918): App\Controllers\Masuk->index()
#3 D:\htdocs\saham\www\system\CodeIgniter.php(404): CodeIgniter\CodeIgniter->runController(Object(App\Controllers\Masuk))
#4 D:\htdocs\saham\www\system\CodeIgniter.php(312): CodeIgniter\CodeIgniter->handleRequest(NULL, Object(Config\Cache), false)
#5 D:\htdocs\saham\index.php(47): CodeIgniter\CodeIgniter->run()
#6 {main}
CRITICAL - 2022-06-22 11:02:28 --> file_get_contents(https://idx.co.id/umbraco/Surface/ListedCompany/GetCompanyProfilesDetail?emitenType=&amp;kodeEmiten=AALI): failed to open stream: HTTP request failed! HTTP/1.1 403 Forbidden

#0 [internal function]: CodeIgniter\Debug\Exceptions->errorHandler(2, 'file_get_conten...', 'D:\\htdocs\\saham...', 30, Array)
#1 D:\htdocs\saham\www\app\Controllers\Masuk.php(30): file_get_contents('https://idx.co....', false, Resource id #168)
#2 D:\htdocs\saham\www\system\CodeIgniter.php(918): App\Controllers\Masuk->index()
#3 D:\htdocs\saham\www\system\CodeIgniter.php(404): CodeIgniter\CodeIgniter->runController(Object(App\Controllers\Masuk))
#4 D:\htdocs\saham\www\system\CodeIgniter.php(312): CodeIgniter\CodeIgniter->handleRequest(NULL, Object(Config\Cache), false)
#5 D:\htdocs\saham\index.php(47): CodeIgniter\CodeIgniter->run()
#6 {main}
CRITICAL - 2022-06-22 11:09:08 --> Call to undefined function App\Controllers\file_get_html()
#0 D:\htdocs\saham\www\system\CodeIgniter.php(918): App\Controllers\Masuk->index()
#1 D:\htdocs\saham\www\system\CodeIgniter.php(404): CodeIgniter\CodeIgniter->runController(Object(App\Controllers\Masuk))
#2 D:\htdocs\saham\www\system\CodeIgniter.php(312): CodeIgniter\CodeIgniter->handleRequest(NULL, Object(Config\Cache), false)
#3 D:\htdocs\saham\index.php(47): CodeIgniter\CodeIgniter->run()
#4 {main}
CRITICAL - 2022-06-22 11:09:09 --> Call to undefined function App\Controllers\file_get_html()
#0 D:\htdocs\saham\www\system\CodeIgniter.php(918): App\Controllers\Masuk->index()
#1 D:\htdocs\saham\www\system\CodeIgniter.php(404): CodeIgniter\CodeIgniter->runController(Object(App\Controllers\Masuk))
#2 D:\htdocs\saham\www\system\CodeIgniter.php(312): CodeIgniter\CodeIgniter->handleRequest(NULL, Object(Config\Cache), false)
#3 D:\htdocs\saham\index.php(47): CodeIgniter\CodeIgniter->run()
#4 {main}
CRITICAL - 2022-06-22 11:09:10 --> Call to undefined function App\Controllers\file_get_html()
#0 D:\htdocs\saham\www\system\CodeIgniter.php(918): App\Controllers\Masuk->index()
#1 D:\htdocs\saham\www\system\CodeIgniter.php(404): CodeIgniter\CodeIgniter->runController(Object(App\Controllers\Masuk))
#2 D:\htdocs\saham\www\system\CodeIgniter.php(312): CodeIgniter\CodeIgniter->handleRequest(NULL, Object(Config\Cache), false)
#3 D:\htdocs\saham\index.php(47): CodeIgniter\CodeIgniter->run()
#4 {main}
CRITICAL - 2022-06-22 11:09:10 --> Call to undefined function App\Controllers\file_get_html()
#0 D:\htdocs\saham\www\system\CodeIgniter.php(918): App\Controllers\Masuk->index()
#1 D:\htdocs\saham\www\system\CodeIgniter.php(404): CodeIgniter\CodeIgniter->runController(Object(App\Controllers\Masuk))
#2 D:\htdocs\saham\www\system\CodeIgniter.php(312): CodeIgniter\CodeIgniter->handleRequest(NULL, Object(Config\Cache), false)
#3 D:\htdocs\saham\index.php(47): CodeIgniter\CodeIgniter->run()
#4 {main}
CRITICAL - 2022-06-22 11:09:11 --> Call to undefined function App\Controllers\file_get_html()
#0 D:\htdocs\saham\www\system\CodeIgniter.php(918): App\Controllers\Masuk->index()
#1 D:\htdocs\saham\www\system\CodeIgniter.php(404): CodeIgniter\CodeIgniter->runController(Object(App\Controllers\Masuk))
#2 D:\htdocs\saham\www\system\CodeIgniter.php(312): CodeIgniter\CodeIgniter->handleRequest(NULL, Object(Config\Cache), false)
#3 D:\htdocs\saham\index.php(47): CodeIgniter\CodeIgniter->run()
#4 {main}
CRITICAL - 2022-06-22 11:09:40 --> Call to undefined function App\Controllers\file_get_html()
#0 D:\htdocs\saham\www\system\CodeIgniter.php(918): App\Controllers\Masuk->index()
#1 D:\htdocs\saham\www\system\CodeIgniter.php(404): CodeIgniter\CodeIgniter->runController(Object(App\Controllers\Masuk))
#2 D:\htdocs\saham\www\system\CodeIgniter.php(312): CodeIgniter\CodeIgniter->handleRequest(NULL, Object(Config\Cache), false)
#3 D:\htdocs\saham\index.php(47): CodeIgniter\CodeIgniter->run()
#4 {main}
CRITICAL - 2022-06-22 11:09:40 --> Call to undefined function App\Controllers\file_get_html()
#0 D:\htdocs\saham\www\system\CodeIgniter.php(918): App\Controllers\Masuk->index()
#1 D:\htdocs\saham\www\system\CodeIgniter.php(404): CodeIgniter\CodeIgniter->runController(Object(App\Controllers\Masuk))
#2 D:\htdocs\saham\www\system\CodeIgniter.php(312): CodeIgniter\CodeIgniter->handleRequest(NULL, Object(Config\Cache), false)
#3 D:\htdocs\saham\index.php(47): CodeIgniter\CodeIgniter->run()
#4 {main}
CRITICAL - 2022-06-22 11:09:41 --> Call to undefined function App\Controllers\file_get_html()
#0 D:\htdocs\saham\www\system\CodeIgniter.php(918): App\Controllers\Masuk->index()
#1 D:\htdocs\saham\www\system\CodeIgniter.php(404): CodeIgniter\CodeIgniter->runController(Object(App\Controllers\Masuk))
#2 D:\htdocs\saham\www\system\CodeIgniter.php(312): CodeIgniter\CodeIgniter->handleRequest(NULL, Object(Config\Cache), false)
#3 D:\htdocs\saham\index.php(47): CodeIgniter\CodeIgniter->run()
#4 {main}
CRITICAL - 2022-06-22 11:09:42 --> Call to undefined function App\Controllers\file_get_html()
#0 D:\htdocs\saham\www\system\CodeIgniter.php(918): App\Controllers\Masuk->index()
#1 D:\htdocs\saham\www\system\CodeIgniter.php(404): CodeIgniter\CodeIgniter->runController(Object(App\Controllers\Masuk))
#2 D:\htdocs\saham\www\system\CodeIgniter.php(312): CodeIgniter\CodeIgniter->handleRequest(NULL, Object(Config\Cache), false)
#3 D:\htdocs\saham\index.php(47): CodeIgniter\CodeIgniter->run()
#4 {main}
CRITICAL - 2022-06-22 11:09:57 --> file_get_contents(https://idx.co.id/umbraco/Surface/ListedCompany/GetCompanyProfilesDetail?emitenType=&amp;kodeEmiten=AALI): failed to open stream: HTTP request failed! HTTP/1.1 403 Forbidden

#0 [internal function]: CodeIgniter\Debug\Exceptions->errorHandler(2, 'file_get_conten...', 'D:\\htdocs\\saham...', 82, Array)
#1 D:\htdocs\saham\www\app\Helpers\simple_html_dom_helper.php(82): file_get_contents('https://idx.co....', false, NULL, 0, 600000)
#2 D:\htdocs\saham\www\app\Controllers\Masuk.php(23): file_get_html('https://idx.co....')
#3 D:\htdocs\saham\www\system\CodeIgniter.php(918): App\Controllers\Masuk->index()
#4 D:\htdocs\saham\www\system\CodeIgniter.php(404): CodeIgniter\CodeIgniter->runController(Object(App\Controllers\Masuk))
#5 D:\htdocs\saham\www\system\CodeIgniter.php(312): CodeIgniter\CodeIgniter->handleRequest(NULL, Object(Config\Cache), false)
#6 D:\htdocs\saham\index.php(47): CodeIgniter\CodeIgniter->run()
#7 {main}
CRITICAL - 2022-06-22 11:09:59 --> file_get_contents(https://idx.co.id/umbraco/Surface/ListedCompany/GetCompanyProfilesDetail?emitenType=&amp;kodeEmiten=AALI): failed to open stream: HTTP request failed! HTTP/1.1 403 Forbidden

#0 [internal function]: CodeIgniter\Debug\Exceptions->errorHandler(2, 'file_get_conten...', 'D:\\htdocs\\saham...', 82, Array)
#1 D:\htdocs\saham\www\app\Helpers\simple_html_dom_helper.php(82): file_get_contents('https://idx.co....', false, NULL, 0, 600000)
#2 D:\htdocs\saham\www\app\Controllers\Masuk.php(23): file_get_html('https://idx.co....')
#3 D:\htdocs\saham\www\system\CodeIgniter.php(918): App\Controllers\Masuk->index()
#4 D:\htdocs\saham\www\system\CodeIgniter.php(404): CodeIgniter\CodeIgniter->runController(Object(App\Controllers\Masuk))
#5 D:\htdocs\saham\www\system\CodeIgniter.php(312): CodeIgniter\CodeIgniter->handleRequest(NULL, Object(Config\Cache), false)
#6 D:\htdocs\saham\index.php(47): CodeIgniter\CodeIgniter->run()
#7 {main}
CRITICAL - 2022-06-22 11:09:59 --> file_get_contents(https://idx.co.id/umbraco/Surface/ListedCompany/GetCompanyProfilesDetail?emitenType=&amp;kodeEmiten=AALI): failed to open stream: HTTP request failed! HTTP/1.1 403 Forbidden

#0 [internal function]: CodeIgniter\Debug\Exceptions->errorHandler(2, 'file_get_conten...', 'D:\\htdocs\\saham...', 82, Array)
#1 D:\htdocs\saham\www\app\Helpers\simple_html_dom_helper.php(82): file_get_contents('https://idx.co....', false, NULL, 0, 600000)
#2 D:\htdocs\saham\www\app\Controllers\Masuk.php(23): file_get_html('https://idx.co....')
#3 D:\htdocs\saham\www\system\CodeIgniter.php(918): App\Controllers\Masuk->index()
#4 D:\htdocs\saham\www\system\CodeIgniter.php(404): CodeIgniter\CodeIgniter->runController(Object(App\Controllers\Masuk))
#5 D:\htdocs\saham\www\system\CodeIgniter.php(312): CodeIgniter\CodeIgniter->handleRequest(NULL, Object(Config\Cache), false)
#6 D:\htdocs\saham\index.php(47): CodeIgniter\CodeIgniter->run()
#7 {main}
CRITICAL - 2022-06-22 11:09:59 --> file_get_contents(https://idx.co.id/umbraco/Surface/ListedCompany/GetCompanyProfilesDetail?emitenType=&amp;kodeEmiten=AALI): failed to open stream: HTTP request failed! HTTP/1.1 403 Forbidden

#0 [internal function]: CodeIgniter\Debug\Exceptions->errorHandler(2, 'file_get_conten...', 'D:\\htdocs\\saham...', 82, Array)
#1 D:\htdocs\saham\www\app\Helpers\simple_html_dom_helper.php(82): file_get_contents('https://idx.co....', false, NULL, 0, 600000)
#2 D:\htdocs\saham\www\app\Controllers\Masuk.php(23): file_get_html('https://idx.co....')
#3 D:\htdocs\saham\www\system\CodeIgniter.php(918): App\Controllers\Masuk->index()
#4 D:\htdocs\saham\www\system\CodeIgniter.php(404): CodeIgniter\CodeIgniter->runController(Object(App\Controllers\Masuk))
#5 D:\htdocs\saham\www\system\CodeIgniter.php(312): CodeIgniter\CodeIgniter->handleRequest(NULL, Object(Config\Cache), false)
#6 D:\htdocs\saham\index.php(47): CodeIgniter\CodeIgniter->run()
#7 {main}
CRITICAL - 2022-06-22 11:10:00 --> file_get_contents(https://idx.co.id/umbraco/Surface/ListedCompany/GetCompanyProfilesDetail?emitenType=&amp;kodeEmiten=AALI): failed to open stream: HTTP request failed! HTTP/1.1 403 Forbidden

#0 [internal function]: CodeIgniter\Debug\Exceptions->errorHandler(2, 'file_get_conten...', 'D:\\htdocs\\saham...', 82, Array)
#1 D:\htdocs\saham\www\app\Helpers\simple_html_dom_helper.php(82): file_get_contents('https://idx.co....', false, NULL, 0, 600000)
#2 D:\htdocs\saham\www\app\Controllers\Masuk.php(23): file_get_html('https://idx.co....')
#3 D:\htdocs\saham\www\system\CodeIgniter.php(918): App\Controllers\Masuk->index()
#4 D:\htdocs\saham\www\system\CodeIgniter.php(404): CodeIgniter\CodeIgniter->runController(Object(App\Controllers\Masuk))
#5 D:\htdocs\saham\www\system\CodeIgniter.php(312): CodeIgniter\CodeIgniter->handleRequest(NULL, Object(Config\Cache), false)
#6 D:\htdocs\saham\index.php(47): CodeIgniter\CodeIgniter->run()
#7 {main}
CRITICAL - 2022-06-22 11:10:00 --> file_get_contents(https://idx.co.id/umbraco/Surface/ListedCompany/GetCompanyProfilesDetail?emitenType=&amp;kodeEmiten=AALI): failed to open stream: HTTP request failed! HTTP/1.1 403 Forbidden

#0 [internal function]: CodeIgniter\Debug\Exceptions->errorHandler(2, 'file_get_conten...', 'D:\\htdocs\\saham...', 82, Array)
#1 D:\htdocs\saham\www\app\Helpers\simple_html_dom_helper.php(82): file_get_contents('https://idx.co....', false, NULL, 0, 600000)
#2 D:\htdocs\saham\www\app\Controllers\Masuk.php(23): file_get_html('https://idx.co....')
#3 D:\htdocs\saham\www\system\CodeIgniter.php(918): App\Controllers\Masuk->index()
#4 D:\htdocs\saham\www\system\CodeIgniter.php(404): CodeIgniter\CodeIgniter->runController(Object(App\Controllers\Masuk))
#5 D:\htdocs\saham\www\system\CodeIgniter.php(312): CodeIgniter\CodeIgniter->handleRequest(NULL, Object(Config\Cache), false)
#6 D:\htdocs\saham\index.php(47): CodeIgniter\CodeIgniter->run()
#7 {main}
CRITICAL - 2022-06-22 13:28:28 --> file_get_contents(https://idx.co.id/umbraco/Surface/ListedCompany/GetCompanyProfilesDetail?emitenType=&amp;kodeEmiten=AALI): failed to open stream: HTTP request failed! HTTP/1.1 403 Forbidden

#0 [internal function]: CodeIgniter\Debug\Exceptions->errorHandler(2, 'file_get_conten...', 'D:\\htdocs\\saham...', 82, Array)
#1 D:\htdocs\saham\www\app\Helpers\simple_html_dom_helper.php(82): file_get_contents('https://idx.co....', false, NULL, 0, 600000)
#2 D:\htdocs\saham\www\app\Controllers\Masuk.php(23): file_get_html('https://idx.co....')
#3 D:\htdocs\saham\www\system\CodeIgniter.php(918): App\Controllers\Masuk->index()
#4 D:\htdocs\saham\www\system\CodeIgniter.php(404): CodeIgniter\CodeIgniter->runController(Object(App\Controllers\Masuk))
#5 D:\htdocs\saham\www\system\CodeIgniter.php(312): CodeIgniter\CodeIgniter->handleRequest(NULL, Object(Config\Cache), false)
#6 D:\htdocs\saham\index.php(47): CodeIgniter\CodeIgniter->run()
#7 {main}
