CRITICAL - 2025-05-25 20:37:19 --> Optional parameter $verbs declared before required parameter $to is implicitly treated as a required parameter
#0 D:\xammp\htdocs\CI\www\system\Autoloader\Autoloader.php(365): CodeIgniter\Debug\Exceptions->errorHandler(8192, 'Optional parame...', 'D:\\xammp\\htdocs...', 1017)
#1 D:\xammp\htdocs\CI\www\system\Autoloader\Autoloader.php(365): require_once()
#2 D:\xammp\htdocs\CI\www\system\Autoloader\Autoloader.php(296): CodeIgniter\Autoloader\Autoloader->requireFile('D:\\xammp\\htdocs...')
#3 D:\xammp\htdocs\CI\www\system\Autoloader\Autoloader.php(258): CodeIgniter\Autoloader\Autoloader->loadInNamespace('CodeIgniter\\Rou...')
#4 D:\xammp\htdocs\CI\www\system\Config\Services.php(699): CodeIgniter\Autoloader\Autoloader->loadClass('CodeIgniter\\Rou...')
#5 D:\xammp\htdocs\CI\www\system\Config\BaseService.php(123): CodeIgniter\Config\Services::routes(false)
#6 D:\xammp\htdocs\CI\www\system\Config\Services.php(696): CodeIgniter\Config\BaseService::getSharedInstance('routes')
#7 D:\xammp\htdocs\CI\www\app\Config\Routes.php(6): CodeIgniter\Config\Services::routes()
#8 D:\xammp\htdocs\CI\www\system\CodeIgniter.php(780): require('D:\\xammp\\htdocs...')
#9 D:\xammp\htdocs\CI\www\system\CodeIgniter.php(364): CodeIgniter\CodeIgniter->tryToRouteIt(NULL)
#10 D:\xammp\htdocs\CI\www\system\CodeIgniter.php(312): CodeIgniter\CodeIgniter->handleRequest(NULL, Object(Config\Cache), false)
#11 D:\xammp\htdocs\CI\index.php(47): CodeIgniter\CodeIgniter->run()
#12 {main}
CRITICAL - 2025-05-25 20:37:19 --> Uncaught ErrorException: Cannot modify header information - headers already sent by (output started at D:\xammp\htdocs\CI\www\app\Config\Events.php:33) in D:\xammp\htdocs\CI\www\system\Debug\Exceptions.php:164
Stack trace:
#0 [internal function]: CodeIgniter\Debug\Exceptions->errorHandler(2, 'Cannot modify h...', 'D:\\xammp\\htdocs...', 164)
#1 D:\xammp\htdocs\CI\www\system\Debug\Exceptions.php(164): header('HTTP/1.1 500 In...', true, 500)
#2 [internal function]: CodeIgniter\Debug\Exceptions->exceptionHandler(Object(ErrorException))
#3 {main}
  thrown
#0 [internal function]: CodeIgniter\Debug\Exceptions->shutdownHandler()
#1 {main}
CRITICAL - 2025-05-25 22:51:01 --> Optional parameter $verbs declared before required parameter $to is implicitly treated as a required parameter
#0 D:\xammp\htdocs\CI\www\system\Autoloader\Autoloader.php(365): CodeIgniter\Debug\Exceptions->errorHandler(8192, 'Optional parame...', 'D:\\xammp\\htdocs...', 1017)
#1 D:\xammp\htdocs\CI\www\system\Autoloader\Autoloader.php(365): require_once()
#2 D:\xammp\htdocs\CI\www\system\Autoloader\Autoloader.php(296): CodeIgniter\Autoloader\Autoloader->requireFile('D:\\xammp\\htdocs...')
#3 D:\xammp\htdocs\CI\www\system\Autoloader\Autoloader.php(258): CodeIgniter\Autoloader\Autoloader->loadInNamespace('CodeIgniter\\Rou...')
#4 D:\xammp\htdocs\CI\www\system\Config\Services.php(699): CodeIgniter\Autoloader\Autoloader->loadClass('CodeIgniter\\Rou...')
#5 D:\xammp\htdocs\CI\www\system\Config\BaseService.php(123): CodeIgniter\Config\Services::routes(false)
#6 D:\xammp\htdocs\CI\www\system\Config\Services.php(696): CodeIgniter\Config\BaseService::getSharedInstance('routes')
#7 D:\xammp\htdocs\CI\www\app\Config\Routes.php(6): CodeIgniter\Config\Services::routes()
#8 D:\xammp\htdocs\CI\www\system\CodeIgniter.php(780): require('D:\\xammp\\htdocs...')
#9 D:\xammp\htdocs\CI\www\system\CodeIgniter.php(364): CodeIgniter\CodeIgniter->tryToRouteIt(NULL)
#10 D:\xammp\htdocs\CI\www\system\CodeIgniter.php(312): CodeIgniter\CodeIgniter->handleRequest(NULL, Object(Config\Cache), false)
#11 D:\xammp\htdocs\CI\index.php(47): CodeIgniter\CodeIgniter->run()
#12 {main}
CRITICAL - 2025-05-25 22:51:01 --> Uncaught ErrorException: Cannot modify header information - headers already sent by (output started at D:\xammp\htdocs\CI\www\app\Config\Events.php:33) in D:\xammp\htdocs\CI\www\system\Debug\Exceptions.php:164
Stack trace:
#0 [internal function]: CodeIgniter\Debug\Exceptions->errorHandler(2, 'Cannot modify h...', 'D:\\xammp\\htdocs...', 164)
#1 D:\xammp\htdocs\CI\www\system\Debug\Exceptions.php(164): header('HTTP/1.1 500 In...', true, 500)
#2 [internal function]: CodeIgniter\Debug\Exceptions->exceptionHandler(Object(ErrorException))
#3 {main}
  thrown
#0 [internal function]: CodeIgniter\Debug\Exceptions->shutdownHandler()
#1 {main}
CRITICAL - 2025-05-25 22:51:03 --> Optional parameter $verbs declared before required parameter $to is implicitly treated as a required parameter
#0 D:\xammp\htdocs\CI\www\system\Autoloader\Autoloader.php(365): CodeIgniter\Debug\Exceptions->errorHandler(8192, 'Optional parame...', 'D:\\xammp\\htdocs...', 1017)
#1 D:\xammp\htdocs\CI\www\system\Autoloader\Autoloader.php(365): require_once()
#2 D:\xammp\htdocs\CI\www\system\Autoloader\Autoloader.php(296): CodeIgniter\Autoloader\Autoloader->requireFile('D:\\xammp\\htdocs...')
#3 D:\xammp\htdocs\CI\www\system\Autoloader\Autoloader.php(258): CodeIgniter\Autoloader\Autoloader->loadInNamespace('CodeIgniter\\Rou...')
#4 D:\xammp\htdocs\CI\www\system\Config\Services.php(699): CodeIgniter\Autoloader\Autoloader->loadClass('CodeIgniter\\Rou...')
#5 D:\xammp\htdocs\CI\www\system\Config\BaseService.php(123): CodeIgniter\Config\Services::routes(false)
#6 D:\xammp\htdocs\CI\www\system\Config\Services.php(696): CodeIgniter\Config\BaseService::getSharedInstance('routes')
#7 D:\xammp\htdocs\CI\www\app\Config\Routes.php(6): CodeIgniter\Config\Services::routes()
#8 D:\xammp\htdocs\CI\www\system\CodeIgniter.php(780): require('D:\\xammp\\htdocs...')
#9 D:\xammp\htdocs\CI\www\system\CodeIgniter.php(364): CodeIgniter\CodeIgniter->tryToRouteIt(NULL)
#10 D:\xammp\htdocs\CI\www\system\CodeIgniter.php(312): CodeIgniter\CodeIgniter->handleRequest(NULL, Object(Config\Cache), false)
#11 D:\xammp\htdocs\CI\index.php(47): CodeIgniter\CodeIgniter->run()
#12 {main}
CRITICAL - 2025-05-25 22:51:03 --> Uncaught ErrorException: Cannot modify header information - headers already sent by (output started at D:\xammp\htdocs\CI\www\app\Config\Events.php:33) in D:\xammp\htdocs\CI\www\system\Debug\Exceptions.php:164
Stack trace:
#0 [internal function]: CodeIgniter\Debug\Exceptions->errorHandler(2, 'Cannot modify h...', 'D:\\xammp\\htdocs...', 164)
#1 D:\xammp\htdocs\CI\www\system\Debug\Exceptions.php(164): header('HTTP/1.1 500 In...', true, 500)
#2 [internal function]: CodeIgniter\Debug\Exceptions->exceptionHandler(Object(ErrorException))
#3 {main}
  thrown
#0 [internal function]: CodeIgniter\Debug\Exceptions->shutdownHandler()
#1 {main}
CRITICAL - 2025-05-25 22:51:04 --> Optional parameter $verbs declared before required parameter $to is implicitly treated as a required parameter
#0 D:\xammp\htdocs\CI\www\system\Autoloader\Autoloader.php(365): CodeIgniter\Debug\Exceptions->errorHandler(8192, 'Optional parame...', 'D:\\xammp\\htdocs...', 1017)
#1 D:\xammp\htdocs\CI\www\system\Autoloader\Autoloader.php(365): require_once()
#2 D:\xammp\htdocs\CI\www\system\Autoloader\Autoloader.php(296): CodeIgniter\Autoloader\Autoloader->requireFile('D:\\xammp\\htdocs...')
#3 D:\xammp\htdocs\CI\www\system\Autoloader\Autoloader.php(258): CodeIgniter\Autoloader\Autoloader->loadInNamespace('CodeIgniter\\Rou...')
#4 D:\xammp\htdocs\CI\www\system\Config\Services.php(699): CodeIgniter\Autoloader\Autoloader->loadClass('CodeIgniter\\Rou...')
#5 D:\xammp\htdocs\CI\www\system\Config\BaseService.php(123): CodeIgniter\Config\Services::routes(false)
#6 D:\xammp\htdocs\CI\www\system\Config\Services.php(696): CodeIgniter\Config\BaseService::getSharedInstance('routes')
#7 D:\xammp\htdocs\CI\www\app\Config\Routes.php(6): CodeIgniter\Config\Services::routes()
#8 D:\xammp\htdocs\CI\www\system\CodeIgniter.php(780): require('D:\\xammp\\htdocs...')
#9 D:\xammp\htdocs\CI\www\system\CodeIgniter.php(364): CodeIgniter\CodeIgniter->tryToRouteIt(NULL)
#10 D:\xammp\htdocs\CI\www\system\CodeIgniter.php(312): CodeIgniter\CodeIgniter->handleRequest(NULL, Object(Config\Cache), false)
#11 D:\xammp\htdocs\CI\index.php(47): CodeIgniter\CodeIgniter->run()
#12 {main}
CRITICAL - 2025-05-25 22:51:04 --> Uncaught ErrorException: Cannot modify header information - headers already sent by (output started at D:\xammp\htdocs\CI\www\app\Config\Events.php:33) in D:\xammp\htdocs\CI\www\system\Debug\Exceptions.php:164
Stack trace:
#0 [internal function]: CodeIgniter\Debug\Exceptions->errorHandler(2, 'Cannot modify h...', 'D:\\xammp\\htdocs...', 164)
#1 D:\xammp\htdocs\CI\www\system\Debug\Exceptions.php(164): header('HTTP/1.1 500 In...', true, 500)
#2 [internal function]: CodeIgniter\Debug\Exceptions->exceptionHandler(Object(ErrorException))
#3 {main}
  thrown
#0 [internal function]: CodeIgniter\Debug\Exceptions->shutdownHandler()
#1 {main}
CRITICAL - 2025-05-25 22:51:04 --> Optional parameter $verbs declared before required parameter $to is implicitly treated as a required parameter
#0 D:\xammp\htdocs\CI\www\system\Autoloader\Autoloader.php(365): CodeIgniter\Debug\Exceptions->errorHandler(8192, 'Optional parame...', 'D:\\xammp\\htdocs...', 1017)
#1 D:\xammp\htdocs\CI\www\system\Autoloader\Autoloader.php(365): require_once()
#2 D:\xammp\htdocs\CI\www\system\Autoloader\Autoloader.php(296): CodeIgniter\Autoloader\Autoloader->requireFile('D:\\xammp\\htdocs...')
#3 D:\xammp\htdocs\CI\www\system\Autoloader\Autoloader.php(258): CodeIgniter\Autoloader\Autoloader->loadInNamespace('CodeIgniter\\Rou...')
#4 D:\xammp\htdocs\CI\www\system\Config\Services.php(699): CodeIgniter\Autoloader\Autoloader->loadClass('CodeIgniter\\Rou...')
#5 D:\xammp\htdocs\CI\www\system\Config\BaseService.php(123): CodeIgniter\Config\Services::routes(false)
#6 D:\xammp\htdocs\CI\www\system\Config\Services.php(696): CodeIgniter\Config\BaseService::getSharedInstance('routes')
#7 D:\xammp\htdocs\CI\www\app\Config\Routes.php(6): CodeIgniter\Config\Services::routes()
#8 D:\xammp\htdocs\CI\www\system\CodeIgniter.php(780): require('D:\\xammp\\htdocs...')
#9 D:\xammp\htdocs\CI\www\system\CodeIgniter.php(364): CodeIgniter\CodeIgniter->tryToRouteIt(NULL)
#10 D:\xammp\htdocs\CI\www\system\CodeIgniter.php(312): CodeIgniter\CodeIgniter->handleRequest(NULL, Object(Config\Cache), false)
#11 D:\xammp\htdocs\CI\index.php(47): CodeIgniter\CodeIgniter->run()
#12 {main}
CRITICAL - 2025-05-25 22:51:04 --> Uncaught ErrorException: Cannot modify header information - headers already sent by (output started at D:\xammp\htdocs\CI\www\app\Config\Events.php:33) in D:\xammp\htdocs\CI\www\system\Debug\Exceptions.php:164
Stack trace:
#0 [internal function]: CodeIgniter\Debug\Exceptions->errorHandler(2, 'Cannot modify h...', 'D:\\xammp\\htdocs...', 164)
#1 D:\xammp\htdocs\CI\www\system\Debug\Exceptions.php(164): header('HTTP/1.1 500 In...', true, 500)
#2 [internal function]: CodeIgniter\Debug\Exceptions->exceptionHandler(Object(ErrorException))
#3 {main}
  thrown
#0 [internal function]: CodeIgniter\Debug\Exceptions->shutdownHandler()
#1 {main}
CRITICAL - 2025-05-25 22:51:05 --> Optional parameter $verbs declared before required parameter $to is implicitly treated as a required parameter
#0 D:\xammp\htdocs\CI\www\system\Autoloader\Autoloader.php(365): CodeIgniter\Debug\Exceptions->errorHandler(8192, 'Optional parame...', 'D:\\xammp\\htdocs...', 1017)
#1 D:\xammp\htdocs\CI\www\system\Autoloader\Autoloader.php(365): require_once()
#2 D:\xammp\htdocs\CI\www\system\Autoloader\Autoloader.php(296): CodeIgniter\Autoloader\Autoloader->requireFile('D:\\xammp\\htdocs...')
#3 D:\xammp\htdocs\CI\www\system\Autoloader\Autoloader.php(258): CodeIgniter\Autoloader\Autoloader->loadInNamespace('CodeIgniter\\Rou...')
#4 D:\xammp\htdocs\CI\www\system\Config\Services.php(699): CodeIgniter\Autoloader\Autoloader->loadClass('CodeIgniter\\Rou...')
#5 D:\xammp\htdocs\CI\www\system\Config\BaseService.php(123): CodeIgniter\Config\Services::routes(false)
#6 D:\xammp\htdocs\CI\www\system\Config\Services.php(696): CodeIgniter\Config\BaseService::getSharedInstance('routes')
#7 D:\xammp\htdocs\CI\www\app\Config\Routes.php(6): CodeIgniter\Config\Services::routes()
#8 D:\xammp\htdocs\CI\www\system\CodeIgniter.php(780): require('D:\\xammp\\htdocs...')
#9 D:\xammp\htdocs\CI\www\system\CodeIgniter.php(364): CodeIgniter\CodeIgniter->tryToRouteIt(NULL)
#10 D:\xammp\htdocs\CI\www\system\CodeIgniter.php(312): CodeIgniter\CodeIgniter->handleRequest(NULL, Object(Config\Cache), false)
#11 D:\xammp\htdocs\CI\index.php(47): CodeIgniter\CodeIgniter->run()
#12 {main}
CRITICAL - 2025-05-25 22:51:05 --> Uncaught ErrorException: Cannot modify header information - headers already sent by (output started at D:\xammp\htdocs\CI\www\app\Config\Events.php:33) in D:\xammp\htdocs\CI\www\system\Debug\Exceptions.php:164
Stack trace:
#0 [internal function]: CodeIgniter\Debug\Exceptions->errorHandler(2, 'Cannot modify h...', 'D:\\xammp\\htdocs...', 164)
#1 D:\xammp\htdocs\CI\www\system\Debug\Exceptions.php(164): header('HTTP/1.1 500 In...', true, 500)
#2 [internal function]: CodeIgniter\Debug\Exceptions->exceptionHandler(Object(ErrorException))
#3 {main}
  thrown
#0 [internal function]: CodeIgniter\Debug\Exceptions->shutdownHandler()
#1 {main}
CRITICAL - 2025-05-25 22:55:44 --> Return value of App\Controllers\Home::about() must be of the type string, none returned
#0 D:\xampp\htdocs\CI\www\system\CodeIgniter.php(918): App\Controllers\Home->about()
#1 D:\xampp\htdocs\CI\www\system\CodeIgniter.php(404): CodeIgniter\CodeIgniter->runController(Object(App\Controllers\Home))
#2 D:\xampp\htdocs\CI\www\system\CodeIgniter.php(312): CodeIgniter\CodeIgniter->handleRequest(NULL, Object(Config\Cache), false)
#3 D:\xampp\htdocs\CI\index.php(47): CodeIgniter\CodeIgniter->run()
#4 {main}
CRITICAL - 2025-05-25 23:31:49 --> preg_match(): Unknown modifier '$'
#0 [internal function]: CodeIgniter\Debug\Exceptions->errorHandler(2, 'preg_match(): U...', 'D:\\xampp\\htdocs...', 431, Array)
#1 D:\xampp\htdocs\CI\www\system\Router\Router.php(431): preg_match('#^#$#u', '/', Array)
#2 D:\xampp\htdocs\CI\www\system\Router\Router.php(177): CodeIgniter\Router\Router->checkRoutes('/')
#3 D:\xampp\htdocs\CI\www\system\CodeIgniter.php(793): CodeIgniter\Router\Router->handle('/')
#4 D:\xampp\htdocs\CI\www\system\CodeIgniter.php(364): CodeIgniter\CodeIgniter->tryToRouteIt(Object(CodeIgniter\Router\RouteCollection))
#5 D:\xampp\htdocs\CI\www\system\CodeIgniter.php(312): CodeIgniter\CodeIgniter->handleRequest(NULL, Object(Config\Cache), false)
#6 D:\xampp\htdocs\CI\index.php(47): CodeIgniter\CodeIgniter->run()
#7 {main}
CRITICAL - 2025-05-25 23:31:50 --> preg_match(): Unknown modifier '$'
#0 [internal function]: CodeIgniter\Debug\Exceptions->errorHandler(2, 'preg_match(): U...', 'D:\\xampp\\htdocs...', 431, Array)
#1 D:\xampp\htdocs\CI\www\system\Router\Router.php(431): preg_match('#^#$#u', '/', Array)
#2 D:\xampp\htdocs\CI\www\system\Router\Router.php(177): CodeIgniter\Router\Router->checkRoutes('/')
#3 D:\xampp\htdocs\CI\www\system\CodeIgniter.php(793): CodeIgniter\Router\Router->handle('/')
#4 D:\xampp\htdocs\CI\www\system\CodeIgniter.php(364): CodeIgniter\CodeIgniter->tryToRouteIt(Object(CodeIgniter\Router\RouteCollection))
#5 D:\xampp\htdocs\CI\www\system\CodeIgniter.php(312): CodeIgniter\CodeIgniter->handleRequest(NULL, Object(Config\Cache), false)
#6 D:\xampp\htdocs\CI\index.php(47): CodeIgniter\CodeIgniter->run()
#7 {main}
CRITICAL - 2025-05-25 23:33:19 --> preg_match(): Unknown modifier '$'
#0 [internal function]: CodeIgniter\Debug\Exceptions->errorHandler(2, 'preg_match(): U...', 'D:\\xampp\\htdocs...', 431, Array)
#1 D:\xampp\htdocs\CI\www\system\Router\Router.php(431): preg_match('#^#$#u', '/', Array)
#2 D:\xampp\htdocs\CI\www\system\Router\Router.php(177): CodeIgniter\Router\Router->checkRoutes('/')
#3 D:\xampp\htdocs\CI\www\system\CodeIgniter.php(793): CodeIgniter\Router\Router->handle('/')
#4 D:\xampp\htdocs\CI\www\system\CodeIgniter.php(364): CodeIgniter\CodeIgniter->tryToRouteIt(Object(CodeIgniter\Router\RouteCollection))
#5 D:\xampp\htdocs\CI\www\system\CodeIgniter.php(312): CodeIgniter\CodeIgniter->handleRequest(NULL, Object(Config\Cache), false)
#6 D:\xampp\htdocs\CI\index.php(47): CodeIgniter\CodeIgniter->run()
#7 {main}
CRITICAL - 2025-05-25 23:33:20 --> preg_match(): Unknown modifier '$'
#0 [internal function]: CodeIgniter\Debug\Exceptions->errorHandler(2, 'preg_match(): U...', 'D:\\xampp\\htdocs...', 431, Array)
#1 D:\xampp\htdocs\CI\www\system\Router\Router.php(431): preg_match('#^#$#u', '/', Array)
#2 D:\xampp\htdocs\CI\www\system\Router\Router.php(177): CodeIgniter\Router\Router->checkRoutes('/')
#3 D:\xampp\htdocs\CI\www\system\CodeIgniter.php(793): CodeIgniter\Router\Router->handle('/')
#4 D:\xampp\htdocs\CI\www\system\CodeIgniter.php(364): CodeIgniter\CodeIgniter->tryToRouteIt(Object(CodeIgniter\Router\RouteCollection))
#5 D:\xampp\htdocs\CI\www\system\CodeIgniter.php(312): CodeIgniter\CodeIgniter->handleRequest(NULL, Object(Config\Cache), false)
#6 D:\xampp\htdocs\CI\index.php(47): CodeIgniter\CodeIgniter->run()
#7 {main}
CRITICAL - 2025-05-25 23:33:20 --> preg_match(): Unknown modifier '$'
#0 [internal function]: CodeIgniter\Debug\Exceptions->errorHandler(2, 'preg_match(): U...', 'D:\\xampp\\htdocs...', 431, Array)
#1 D:\xampp\htdocs\CI\www\system\Router\Router.php(431): preg_match('#^#$#u', '/', Array)
#2 D:\xampp\htdocs\CI\www\system\Router\Router.php(177): CodeIgniter\Router\Router->checkRoutes('/')
#3 D:\xampp\htdocs\CI\www\system\CodeIgniter.php(793): CodeIgniter\Router\Router->handle('/')
#4 D:\xampp\htdocs\CI\www\system\CodeIgniter.php(364): CodeIgniter\CodeIgniter->tryToRouteIt(Object(CodeIgniter\Router\RouteCollection))
#5 D:\xampp\htdocs\CI\www\system\CodeIgniter.php(312): CodeIgniter\CodeIgniter->handleRequest(NULL, Object(Config\Cache), false)
#6 D:\xampp\htdocs\CI\index.php(47): CodeIgniter\CodeIgniter->run()
#7 {main}
CRITICAL - 2025-05-25 23:33:20 --> preg_match(): Unknown modifier '$'
#0 [internal function]: CodeIgniter\Debug\Exceptions->errorHandler(2, 'preg_match(): U...', 'D:\\xampp\\htdocs...', 431, Array)
#1 D:\xampp\htdocs\CI\www\system\Router\Router.php(431): preg_match('#^#$#u', '/', Array)
#2 D:\xampp\htdocs\CI\www\system\Router\Router.php(177): CodeIgniter\Router\Router->checkRoutes('/')
#3 D:\xampp\htdocs\CI\www\system\CodeIgniter.php(793): CodeIgniter\Router\Router->handle('/')
#4 D:\xampp\htdocs\CI\www\system\CodeIgniter.php(364): CodeIgniter\CodeIgniter->tryToRouteIt(Object(CodeIgniter\Router\RouteCollection))
#5 D:\xampp\htdocs\CI\www\system\CodeIgniter.php(312): CodeIgniter\CodeIgniter->handleRequest(NULL, Object(Config\Cache), false)
#6 D:\xampp\htdocs\CI\index.php(47): CodeIgniter\CodeIgniter->run()
#7 {main}
